Base path: '/Applications/Unity/Hub/Editor/2020.1.1f1/Unity.app/Contents', plugins path '/Applications/Unity/Hub/Editor/2020.1.1f1/Unity.app/Contents/PlaybackEngines'
Cmd: initializeCompiler
Cmd: compileSnippet
  api=9 type=0 insize=915 outsize=4474 kw= pd=UNITY_NO_DXT5nm UNITY_NO_RGBM UNITY_ENABLE_REFLECTION_BUFFERS UNITY_FRAMEBUFFER_FETCH_AVAILABLE UNITY_NO_CUBEMAP_ARRAY UNITY_NO_SCREENSPACE_SHADOWS UNITY_PBS_USE_BRDF3 UNITY_NO_FULL_STANDARD_SHADER SHADER_API_MOBILE UNITY_HARDWARE_TIER1 UNITY_COLORSPACE_GAMMA UNITY_LIGHTMAP_DLDR_ENCODING UNITY_PASS_META dkw=_EMISSION EDITOR_VISUALIZATION _METALLICGLOSSMAP _SMOOTHNESS_TEXTURE_ALBEDO_CHANNEL_A _DETAIL_MULX2 UNITY_ENABLE_NATIVE_SHADOW_LOOKUPS UNITY_METAL_SHADOWS_USE_POINT_FILTERING UNITY_USE_DITHER_MASK_FOR_ALPHABLENDED_SHADOWS UNITY_PBS_USE_BRDF1 UNITY_PBS_USE_BRDF2 UNITY_SPECCUBE_BOX_PROJECTION UNITY_SPECCUBE_BLENDING UNITY_ENABLE_DETAIL_NORMALMAP UNITY_HARDWARE_TIER2 UNITY_HARDWARE_TIER3 UNITY_LIGHT_PROBE_PROXY_VOLUME UNITY_HALF_PRECISION_FRAGMENT_SHADER_REGISTERS UNITY_LIGHTMAP_RGBM_ENCODING UNITY_LIGHTMAP_FULL_HDR UNITY_VIRTUAL_TEXTURING ok=1
Cmd: compileSnippet
  api=5 type=0 insize=915 outsize=3486 kw= pd=UNITY_NO_DXT5nm UNITY_NO_RGBM UNITY_ENABLE_REFLECTION_BUFFERS UNITY_FRAMEBUFFER_FETCH_AVAILABLE UNITY_NO_CUBEMAP_ARRAY UNITY_NO_SCREENSPACE_SHADOWS UNITY_PBS_USE_BRDF2 SHADER_API_MOBILE UNITY_HARDWARE_TIER3 UNITY_COLORSPACE_GAMMA UNITY_HALF_PRECISION_FRAGMENT_SHADER_REGISTERS UNITY_LIGHTMAP_DLDR_ENCODING UNITY_PASS_META dkw=_EMISSION EDITOR_VISUALIZATION _METALLICGLOSSMAP _SMOOTHNESS_TEXTURE_ALBEDO_CHANNEL_A _DETAIL_MULX2 UNITY_ENABLE_NATIVE_SHADOW_LOOKUPS UNITY_METAL_SHADOWS_USE_POINT_FILTERING UNITY_USE_DITHER_MASK_FOR_ALPHABLENDED_SHADOWS UNITY_PBS_USE_BRDF1 UNITY_PBS_USE_BRDF3 UNITY_NO_FULL_STANDARD_SHADER UNITY_SPECCUBE_BOX_PROJECTION UNITY_SPECCUBE_BLENDING UNITY_ENABLE_DETAIL_NORMALMAP UNITY_HARDWARE_TIER1 UNITY_HARDWARE_TIER2 UNITY_LIGHT_PROBE_PROXY_VOLUME UNITY_LIGHTMAP_RGBM_ENCODING UNITY_LIGHTMAP_FULL_HDR UNITY_VIRTUAL_TEXTURING ok=1
Cmd: disassembleShader
  api=5 insize=6609 outsize=6609 ok=1
Cmd: disassembleShader
  api=5 insize=10888 outsize=10888 ok=1
Cmd: disassembleShader
  api=5 insize=9374 outsize=9374 ok=1
Cmd: disassembleShader
  api=9 insize=8579 outsize=8579 ok=1
Cmd: disassembleShader
  api=9 insize=10461 outsize=10461 ok=1
Cmd: disassembleShader
  api=9 insize=11677 outsize=11677 ok=1
Cmd: disassembleShader
  api=5 insize=0 outsize=0 ok=0
Cmd: disassembleShader
  api=5 insize=0 outsize=0 ok=0
Cmd: disassembleShader
  api=9 insize=0 outsize=0 ok=0
Cmd: disassembleShader
  api=5 insize=6769 outsize=6769 ok=1
Cmd: disassembleShader
  api=5 insize=6200 outsize=6200 ok=1
Cmd: disassembleShader
  api=5 insize=5540 outsize=5540 ok=1
Cmd: disassembleShader
  api=5 insize=8529 outsize=8529 ok=1
Cmd: disassembleShader
  api=5 insize=8339 outsize=8339 ok=1
Cmd: disassembleShader
  api=9 insize=6476 outsize=6476 ok=1
Cmd: disassembleShader
  api=9 insize=6654 outsize=6654 ok=1
Cmd: disassembleShader
  api=9 insize=10748 outsize=10748 ok=1
Cmd: disassembleShader
  api=9 insize=9755 outsize=9755 ok=1
Cmd: disassembleShader
  api=9 insize=10581 outsize=10581 ok=1
Cmd: disassembleShader
  api=5 insize=0 outsize=0 ok=0
Cmd: disassembleShader
  api=5 insize=0 outsize=0 ok=0
Cmd: disassembleShader
  api=5 insize=0 outsize=0 ok=0
Cmd: disassembleShader
  api=5 insize=0 outsize=0 ok=0
Cmd: disassembleShader
  api=5 insize=0 outsize=0 ok=0
Cmd: disassembleShader
  api=9 insize=0 outsize=0 ok=0
Cmd: disassembleShader
  api=9 insize=0 outsize=0 ok=0
Cmd: disassembleShader
  api=9 insize=0 outsize=0 ok=0
Cmd: disassembleShader
  api=9 insize=0 outsize=0 ok=0
Cmd: disassembleShader
  api=9 insize=0 outsize=0 ok=0
Cmd: disassembleShader
  api=9 insize=3025 outsize=3025 ok=1
Cmd: disassembleShader
  api=9 insize=3025 outsize=3025 ok=1
Cmd: disassembleShader
  api=5 insize=0 outsize=0 ok=0
Cmd: disassembleShader
  api=9 insize=0 outsize=0 ok=0
Cmd: disassembleShader
  api=5 insize=4356 outsize=4356 ok=1
Cmd: disassembleShader
  api=9 insize=5108 outsize=5108 ok=1
Cmd: disassembleShader
  api=9 insize=6649 outsize=6649 ok=1
Cmd: disassembleShader
  api=5 insize=0 outsize=0 ok=0
Cmd: disassembleShader
  api=9 insize=0 outsize=0 ok=0
Cmd: disassembleShader
  api=9 insize=0 outsize=0 ok=0
Cmd: disassembleShader
  api=5 insize=7963 outsize=7963 ok=1
Cmd: disassembleShader
  api=5 insize=6453 outsize=6453 ok=1
Cmd: disassembleShader
  api=5 insize=10270 outsize=10270 ok=1
Cmd: disassembleShader
  api=9 insize=9219 outsize=9219 ok=1
Cmd: disassembleShader
  api=9 insize=7658 outsize=7658 ok=1
Cmd: disassembleShader
  api=9 insize=11155 outsize=11155 ok=1
Cmd: disassembleShader
  api=5 insize=0 outsize=0 ok=0
Cmd: disassembleShader
  api=5 insize=0 outsize=0 ok=0
Cmd: disassembleShader
  api=9 insize=0 outsize=0 ok=0
Cmd: disassembleShader
  api=5 insize=5056 outsize=5056 ok=1
Cmd: disassembleShader
  api=5 insize=6104 outsize=6104 ok=1
Cmd: disassembleShader
  api=5 insize=7263 outsize=7263 ok=1
Cmd: disassembleShader
  api=5 insize=6691 outsize=6691 ok=1
Cmd: disassembleShader
  api=9 insize=5875 outsize=5875 ok=1
Cmd: disassembleShader
  api=9 insize=6951 outsize=6951 ok=1
Cmd: disassembleShader
  api=9 insize=9514 outsize=9514 ok=1
Cmd: disassembleShader
  api=9 insize=8253 outsize=8253 ok=1
Cmd: disassembleShader
  api=5 insize=0 outsize=0 ok=0
Cmd: disassembleShader
  api=5 insize=0 outsize=0 ok=0
Cmd: disassembleShader
  api=5 insize=0 outsize=0 ok=0
Cmd: disassembleShader
  api=9 insize=0 outsize=0 ok=0
Cmd: disassembleShader
  api=9 insize=0 outsize=0 ok=0
Cmd: disassembleShader
  api=9 insize=0 outsize=0 ok=0
Cmd: disassembleShader
  api=9 insize=0 outsize=0 ok=0
Cmd: disassembleShader
  api=5 insize=2531 outsize=2531 ok=1
Cmd: disassembleShader
  api=5 insize=0 outsize=0 ok=0
Cmd: disassembleShader
  api=9 insize=0 outsize=0 ok=0
