Base path: '/Applications/Unity/Hub/Editor/2020.1.1f1/Unity.app/Contents', plugins path '/Applications/Unity/Hub/Editor/2020.1.1f1/Unity.app/Contents/PlaybackEngines'
Cmd: initializeCompiler
Cmd: compileSnippet
  api=5 type=0 insize=915 outsize=3486 kw= pd=UNITY_NO_DXT5nm UNITY_NO_RGBM UNITY_ENABLE_REFLECTION_BUFFERS UNITY_FRAMEBUFFER_FETCH_AVAILABLE UNITY_NO_CUBEMAP_ARRAY UNITY_NO_SCREENSPACE_SHADOWS UNITY_PBS_USE_BRDF2 SHADER_API_MOBILE UNITY_HARDWARE_TIER2 UNITY_COLORSPACE_GAMMA UNITY_HALF_PRECISION_FRAGMENT_SHADER_REGISTERS UNITY_LIGHTMAP_DLDR_ENCODING UNITY_PASS_META dkw=_EMISSION EDITOR_VISUALIZATION _METALLICGLOSSMAP _SMOOTHNESS_TEXTURE_ALBEDO_CHANNEL_A _DETAIL_MULX2 UNITY_ENABLE_NATIVE_SHADOW_LOOKUPS UNITY_METAL_SHADOWS_USE_POINT_FILTERING UNITY_USE_DITHER_MASK_FOR_ALPHABLENDED_SHADOWS UNITY_PBS_USE_BRDF1 UNITY_PBS_USE_BRDF3 UNITY_NO_FULL_STANDARD_SHADER UNITY_SPECCUBE_BOX_PROJECTION UNITY_SPECCUBE_BLENDING UNITY_ENABLE_DETAIL_NORMALMAP UNITY_HARDWARE_TIER1 UNITY_HARDWARE_TIER3 UNITY_LIGHT_PROBE_PROXY_VOLUME UNITY_LIGHTMAP_RGBM_ENCODING UNITY_LIGHTMAP_FULL_HDR UNITY_VIRTUAL_TEXTURING ok=1
Cmd: disassembleShader
  api=5 insize=8131 outsize=8131 ok=1
Cmd: disassembleShader
  api=5 insize=9374 outsize=9374 ok=1
Cmd: disassembleShader
  api=5 insize=10727 outsize=10727 ok=1
Cmd: disassembleShader
  api=5 insize=12450 outsize=12450 ok=1
Cmd: disassembleShader
  api=9 insize=7383 outsize=7383 ok=1
Cmd: disassembleShader
  api=9 insize=10461 outsize=10461 ok=1
Cmd: disassembleShader
  api=5 insize=0 outsize=0 ok=0
Cmd: disassembleShader
  api=5 insize=0 outsize=0 ok=0
Cmd: disassembleShader
  api=9 insize=0 outsize=0 ok=0
Cmd: disassembleShader
  api=5 insize=5511 outsize=5511 ok=1
Cmd: disassembleShader
  api=5 insize=6557 outsize=6557 ok=1
Cmd: disassembleShader
  api=5 insize=7450 outsize=7450 ok=1
Cmd: disassembleShader
  api=5 insize=7840 outsize=7840 ok=1
Cmd: disassembleShader
  api=5 insize=8339 outsize=8339 ok=1
Cmd: disassembleShader
  api=9 insize=5601 outsize=5601 ok=1
Cmd: disassembleShader
  api=9 insize=7918 outsize=7918 ok=1
Cmd: disassembleShader
  api=9 insize=10748 outsize=10748 ok=1
Cmd: disassembleShader
  api=9 insize=9514 outsize=9514 ok=1
Cmd: disassembleShader
  api=9 insize=9915 outsize=9915 ok=1
Cmd: disassembleShader
  api=5 insize=0 outsize=0 ok=0
Cmd: disassembleShader
  api=5 insize=0 outsize=0 ok=0
Cmd: disassembleShader
  api=5 insize=0 outsize=0 ok=0
Cmd: disassembleShader
  api=5 insize=0 outsize=0 ok=0
Cmd: disassembleShader
  api=9 insize=0 outsize=0 ok=0
Cmd: disassembleShader
  api=9 insize=0 outsize=0 ok=0
Cmd: disassembleShader
  api=9 insize=0 outsize=0 ok=0
Cmd: disassembleShader
  api=9 insize=0 outsize=0 ok=0
Cmd: disassembleShader
  api=9 insize=0 outsize=0 ok=0
Cmd: disassembleShader
  api=5 insize=2531 outsize=2531 ok=1
Cmd: disassembleShader
  api=5 insize=0 outsize=0 ok=0
Cmd: disassembleShader
  api=9 insize=0 outsize=0 ok=0
Cmd: disassembleShader
  api=5 insize=5992 outsize=5992 ok=1
Cmd: disassembleShader
  api=5 insize=5946 outsize=5946 ok=1
Cmd: disassembleShader
  api=9 insize=5108 outsize=5108 ok=1
Cmd: disassembleShader
  api=5 insize=0 outsize=0 ok=0
Cmd: disassembleShader
  api=5 insize=0 outsize=0 ok=0
Cmd: disassembleShader
  api=9 insize=0 outsize=0 ok=0
Cmd: disassembleShader
  api=5 insize=6867 outsize=6867 ok=1
Cmd: disassembleShader
  api=5 insize=6867 outsize=6867 ok=1
Cmd: disassembleShader
  api=5 insize=9374 outsize=9374 ok=1
Cmd: disassembleShader
  api=9 insize=8736 outsize=8736 ok=1
Cmd: disassembleShader
  api=9 insize=11998 outsize=11998 ok=1
Cmd: disassembleShader
  api=9 insize=13560 outsize=13560 ok=1
Cmd: disassembleShader
  api=5 insize=0 outsize=0 ok=0
Cmd: disassembleShader
  api=5 insize=0 outsize=0 ok=0
Cmd: disassembleShader
  api=9 insize=0 outsize=0 ok=0
Cmd: disassembleShader
  api=5 insize=5056 outsize=5056 ok=1
Cmd: disassembleShader
  api=5 insize=6104 outsize=6104 ok=1
Cmd: disassembleShader
  api=5 insize=6990 outsize=6990 ok=1
Cmd: disassembleShader
  api=5 insize=6885 outsize=6885 ok=1
Cmd: disassembleShader
  api=9 insize=7151 outsize=7151 ok=1
Cmd: disassembleShader
  api=9 insize=7055 outsize=7055 ok=1
Cmd: disassembleShader
  api=9 insize=8441 outsize=8441 ok=1
Cmd: disassembleShader
  api=9 insize=7861 outsize=7861 ok=1
Cmd: disassembleShader
  api=5 insize=0 outsize=0 ok=0
Cmd: disassembleShader
  api=5 insize=0 outsize=0 ok=0
Cmd: disassembleShader
  api=5 insize=0 outsize=0 ok=0
Cmd: disassembleShader
  api=5 insize=0 outsize=0 ok=0
Cmd: disassembleShader
  api=9 insize=0 outsize=0 ok=0
Cmd: disassembleShader
  api=9 insize=0 outsize=0 ok=0
Cmd: disassembleShader
  api=9 insize=0 outsize=0 ok=0
Cmd: disassembleShader
  api=9 insize=0 outsize=0 ok=0
Cmd: disassembleShader
  api=9 insize=3025 outsize=3025 ok=1
Cmd: disassembleShader
  api=9 insize=3025 outsize=3025 ok=1
Cmd: disassembleShader
  api=5 insize=0 outsize=0 ok=0
