Base path: '/Applications/Unity/Hub/Editor/2020.1.1f1/Unity.app/Contents', plugins path '/Applications/Unity/Hub/Editor/2020.1.1f1/Unity.app/Contents/PlaybackEngines'
Cmd: initializeCompiler
Cmd: compileSnippet
  api=9 type=0 insize=915 outsize=4474 kw= pd=UNITY_NO_DXT5nm UNITY_NO_RGBM UNITY_ENABLE_REFLECTION_BUFFERS UNITY_FRAMEBUFFER_FETCH_AVAILABLE UNITY_NO_CUBEMAP_ARRAY UNITY_NO_SCREENSPACE_SHADOWS UNITY_PBS_USE_BRDF2 SHADER_API_MOBILE UNITY_HARDWARE_TIER3 UNITY_COLORSPACE_GAMMA UNITY_LIGHTMAP_DLDR_ENCODING UNITY_PASS_META dkw=_EMISSION EDITOR_VISUALIZATION _METALLICGLOSSMAP _SMOOTHNESS_TEXTURE_ALBEDO_CHANNEL_A _DETAIL_MULX2 UNITY_ENABLE_NATIVE_SHADOW_LOOKUPS UNITY_METAL_SHADOWS_USE_POINT_FILTERING UNITY_USE_DITHER_MASK_FOR_ALPHABLENDED_SHADOWS UNITY_PBS_USE_BRDF1 UNITY_PBS_USE_BRDF3 UNITY_NO_FULL_STANDARD_SHADER UNITY_SPECCUBE_BOX_PROJECTION UNITY_SPECCUBE_BLENDING UNITY_ENABLE_DETAIL_NORMALMAP UNITY_HARDWARE_TIER1 UNITY_HARDWARE_TIER2 UNITY_LIGHT_PROBE_PROXY_VOLUME UNITY_HALF_PRECISION_FRAGMENT_SHADER_REGISTERS UNITY_LIGHTMAP_RGBM_ENCODING UNITY_LIGHTMAP_FULL_HDR UNITY_VIRTUAL_TEXTURING ok=1
Cmd: disassembleShader
  api=5 insize=9165 outsize=9165 ok=1
Cmd: disassembleShader
  api=5 insize=6609 outsize=6609 ok=1
Cmd: disassembleShader
  api=5 insize=10270 outsize=10270 ok=1
Cmd: disassembleShader
  api=9 insize=10115 outsize=10115 ok=1
Cmd: disassembleShader
  api=9 insize=8579 outsize=8579 ok=1
Cmd: disassembleShader
  api=9 insize=11155 outsize=11155 ok=1
Cmd: disassembleShader
  api=5 insize=0 outsize=0 ok=0
Cmd: disassembleShader
  api=9 insize=0 outsize=0 ok=0
Cmd: disassembleShader
  api=9 insize=0 outsize=0 ok=0
Cmd: disassembleShader
  api=5 insize=6741 outsize=6741 ok=1
Cmd: disassembleShader
  api=5 insize=6716 outsize=6716 ok=1
Cmd: disassembleShader
  api=5 insize=7263 outsize=7263 ok=1
Cmd: disassembleShader
  api=5 insize=8350 outsize=8350 ok=1
Cmd: disassembleShader
  api=9 insize=6868 outsize=6868 ok=1
Cmd: disassembleShader
  api=9 insize=8178 outsize=8178 ok=1
Cmd: disassembleShader
  api=9 insize=10115 outsize=10115 ok=1
Cmd: disassembleShader
  api=9 insize=7614 outsize=7614 ok=1
Cmd: disassembleShader
  api=9 insize=10421 outsize=10421 ok=1
Cmd: disassembleShader
  api=5 insize=0 outsize=0 ok=0
Cmd: disassembleShader
  api=5 insize=0 outsize=0 ok=0
Cmd: disassembleShader
  api=5 insize=0 outsize=0 ok=0
Cmd: disassembleShader
  api=5 insize=0 outsize=0 ok=0
Cmd: disassembleShader
  api=5 insize=0 outsize=0 ok=0
Cmd: disassembleShader
  api=9 insize=0 outsize=0 ok=0
Cmd: disassembleShader
  api=9 insize=0 outsize=0 ok=0
Cmd: disassembleShader
  api=9 insize=0 outsize=0 ok=0
Cmd: disassembleShader
  api=9 insize=0 outsize=0 ok=0
Cmd: disassembleShader
  api=9 insize=0 outsize=0 ok=0
Cmd: disassembleShader
  api=5 insize=2097 outsize=2097 ok=1
Cmd: disassembleShader
  api=5 insize=0 outsize=0 ok=0
Cmd: disassembleShader
  api=9 insize=0 outsize=0 ok=0
Cmd: disassembleShader
  api=5 insize=5992 outsize=5992 ok=1
Cmd: disassembleShader
  api=5 insize=5946 outsize=5946 ok=1
Cmd: disassembleShader
  api=9 insize=5108 outsize=5108 ok=1
Cmd: disassembleShader
  api=5 insize=0 outsize=0 ok=0
Cmd: disassembleShader
  api=5 insize=0 outsize=0 ok=0
Cmd: disassembleShader
  api=9 insize=0 outsize=0 ok=0
Cmd: disassembleShader
  api=5 insize=8433 outsize=8433 ok=1
Cmd: disassembleShader
  api=5 insize=10888 outsize=10888 ok=1
Cmd: disassembleShader
  api=5 insize=9374 outsize=9374 ok=1
Cmd: disassembleShader
  api=9 insize=9219 outsize=9219 ok=1
Cmd: disassembleShader
  api=9 insize=7227 outsize=7227 ok=1
Cmd: disassembleShader
  api=9 insize=10461 outsize=10461 ok=1
Cmd: disassembleShader
  api=5 insize=0 outsize=0 ok=0
Cmd: disassembleShader
  api=9 insize=0 outsize=0 ok=0
Cmd: disassembleShader
  api=9 insize=0 outsize=0 ok=0
Cmd: disassembleShader
  api=5 insize=6298 outsize=6298 ok=1
Cmd: disassembleShader
  api=5 insize=5807 outsize=5807 ok=1
Cmd: disassembleShader
  api=5 insize=6124 outsize=6124 ok=1
Cmd: disassembleShader
  api=9 insize=7298 outsize=7298 ok=1
Cmd: disassembleShader
  api=9 insize=6951 outsize=6951 ok=1
Cmd: disassembleShader
  api=9 insize=7614 outsize=7614 ok=1
Cmd: disassembleShader
  api=9 insize=8253 outsize=8253 ok=1
Cmd: disassembleShader
  api=5 insize=0 outsize=0 ok=0
Cmd: disassembleShader
  api=5 insize=0 outsize=0 ok=0
Cmd: disassembleShader
  api=5 insize=0 outsize=0 ok=0
Cmd: disassembleShader
  api=5 insize=0 outsize=0 ok=0
Cmd: disassembleShader
  api=9 insize=0 outsize=0 ok=0
Cmd: disassembleShader
  api=9 insize=0 outsize=0 ok=0
Cmd: disassembleShader
  api=9 insize=0 outsize=0 ok=0
Cmd: disassembleShader
  api=5 insize=2097 outsize=2097 ok=1
Cmd: disassembleShader
  api=5 insize=0 outsize=0 ok=0
Cmd: disassembleShader
  api=9 insize=0 outsize=0 ok=0
