Base path: '/Applications/Unity/Hub/Editor/2020.1.1f1/Unity.app/Contents', plugins path '/Applications/Unity/Hub/Editor/2020.1.1f1/Unity.app/Contents/PlaybackEngines'
Cmd: initializeCompiler
Cmd: compileSnippet
  api=14 type=1 insize=817 outsize=1975 kw= pd=UNITY_NO_DXT5nm UNITY_ENABLE_REFLECTION_BUFFERS UNITY_NO_CUBEMAP_ARRAY UNITY_NO_SCREENSPACE_SHADOWS UNITY_PBS_USE_BRDF2 SHADER_API_DESKTOP UNITY_HARDWARE_TIER3 UNITY_COLORSPACE_GAMMA UNITY_LIGHTMAP_DLDR_ENCODING dkw=OUTLINE_ON UNDERLAY_ON UNDERLAY_INNER UNITY_ENABLE_NATIVE_SHADOW_LOOKUPS UNITY_METAL_SHADOWS_USE_POINT_FILTERING UNITY_USE_DITHER_MASK_FOR_ALPHABLENDED_SHADOWS UNITY_PBS_USE_BRDF1 UNITY_PBS_USE_BRDF3 UNITY_NO_FULL_STANDARD_SHADER UNITY_SPECCUBE_BOX_PROJECTION UNITY_SPECCUBE_BLENDING UNITY_ENABLE_DETAIL_NORMALMAP UNITY_HARDWARE_TIER1 UNITY_HARDWARE_TIER2 UNITY_LIGHT_PROBE_PROXY_VOLUME UNITY_HALF_PRECISION_FRAGMENT_SHADER_REGISTERS UNITY_LIGHTMAP_RGBM_ENCODING UNITY_LIGHTMAP_FULL_HDR UNITY_VIRTUAL_TEXTURING ok=1
Cmd: compileSnippet
  api=5 type=0 insize=915 outsize=3486 kw= pd=UNITY_NO_DXT5nm UNITY_NO_RGBM UNITY_ENABLE_REFLECTION_BUFFERS UNITY_FRAMEBUFFER_FETCH_AVAILABLE UNITY_NO_CUBEMAP_ARRAY UNITY_NO_SCREENSPACE_SHADOWS UNITY_PBS_USE_BRDF2 SHADER_API_MOBILE UNITY_HARDWARE_TIER3 UNITY_COLORSPACE_GAMMA UNITY_HALF_PRECISION_FRAGMENT_SHADER_REGISTERS UNITY_LIGHTMAP_DLDR_ENCODING UNITY_PASS_META dkw=_EMISSION EDITOR_VISUALIZATION _METALLICGLOSSMAP _SMOOTHNESS_TEXTURE_ALBEDO_CHANNEL_A _DETAIL_MULX2 UNITY_ENABLE_NATIVE_SHADOW_LOOKUPS UNITY_METAL_SHADOWS_USE_POINT_FILTERING UNITY_USE_DITHER_MASK_FOR_ALPHABLENDED_SHADOWS UNITY_PBS_USE_BRDF1 UNITY_PBS_USE_BRDF3 UNITY_NO_FULL_STANDARD_SHADER UNITY_SPECCUBE_BOX_PROJECTION UNITY_SPECCUBE_BLENDING UNITY_ENABLE_DETAIL_NORMALMAP UNITY_HARDWARE_TIER1 UNITY_HARDWARE_TIER2 UNITY_LIGHT_PROBE_PROXY_VOLUME UNITY_LIGHTMAP_RGBM_ENCODING UNITY_LIGHTMAP_FULL_HDR UNITY_VIRTUAL_TEXTURING ok=1
Cmd: compileSnippet
  api=9 type=0 insize=915 outsize=4474 kw= pd=UNITY_NO_DXT5nm UNITY_NO_RGBM UNITY_ENABLE_REFLECTION_BUFFERS UNITY_FRAMEBUFFER_FETCH_AVAILABLE UNITY_NO_CUBEMAP_ARRAY UNITY_NO_SCREENSPACE_SHADOWS UNITY_PBS_USE_BRDF2 SHADER_API_MOBILE UNITY_HARDWARE_TIER2 UNITY_COLORSPACE_GAMMA UNITY_LIGHTMAP_DLDR_ENCODING UNITY_PASS_META dkw=_EMISSION EDITOR_VISUALIZATION _METALLICGLOSSMAP _SMOOTHNESS_TEXTURE_ALBEDO_CHANNEL_A _DETAIL_MULX2 UNITY_ENABLE_NATIVE_SHADOW_LOOKUPS UNITY_METAL_SHADOWS_USE_POINT_FILTERING UNITY_USE_DITHER_MASK_FOR_ALPHABLENDED_SHADOWS UNITY_PBS_USE_BRDF1 UNITY_PBS_USE_BRDF3 UNITY_NO_FULL_STANDARD_SHADER UNITY_SPECCUBE_BOX_PROJECTION UNITY_SPECCUBE_BLENDING UNITY_ENABLE_DETAIL_NORMALMAP UNITY_HARDWARE_TIER1 UNITY_HARDWARE_TIER3 UNITY_LIGHT_PROBE_PROXY_VOLUME UNITY_HALF_PRECISION_FRAGMENT_SHADER_REGISTERS UNITY_LIGHTMAP_RGBM_ENCODING UNITY_LIGHTMAP_FULL_HDR UNITY_VIRTUAL_TEXTURING ok=1
Cmd: disassembleShader
  api=5 insize=9165 outsize=9165 ok=1
Cmd: disassembleShader
  api=5 insize=7623 outsize=7623 ok=1
Cmd: disassembleShader
  api=5 insize=10727 outsize=10727 ok=1
Cmd: disassembleShader
  api=9 insize=7383 outsize=7383 ok=1
Cmd: disassembleShader
  api=9 insize=8353 outsize=8353 ok=1
Cmd: disassembleShader
  api=9 insize=8579 outsize=8579 ok=1
Cmd: disassembleShader
  api=9 insize=8353 outsize=8353 ok=1
Cmd: disassembleShader
  api=5 insize=0 outsize=0 ok=0
Cmd: disassembleShader
  api=5 insize=0 outsize=0 ok=0
Cmd: disassembleShader
  api=9 insize=0 outsize=0 ok=0
Cmd: disassembleShader
  api=5 insize=6029 outsize=6029 ok=1
Cmd: disassembleShader
  api=5 insize=6557 outsize=6557 ok=1
Cmd: disassembleShader
  api=5 insize=9098 outsize=9098 ok=1
Cmd: disassembleShader
  api=5 insize=6885 outsize=6885 ok=1
Cmd: disassembleShader
  api=5 insize=8171 outsize=8171 ok=1
Cmd: disassembleShader
  api=9 insize=6476 outsize=6476 ok=1
Cmd: disassembleShader
  api=9 insize=7534 outsize=7534 ok=1
Cmd: disassembleShader
  api=9 insize=6591 outsize=6591 ok=1
Cmd: disassembleShader
  api=9 insize=9755 outsize=9755 ok=1
Cmd: disassembleShader
  api=9 insize=8737 outsize=8737 ok=1
Cmd: disassembleShader
  api=5 insize=0 outsize=0 ok=0
Cmd: disassembleShader
  api=5 insize=0 outsize=0 ok=0
Cmd: disassembleShader
  api=5 insize=0 outsize=0 ok=0
Cmd: disassembleShader
  api=5 insize=0 outsize=0 ok=0
Cmd: disassembleShader
  api=5 insize=0 outsize=0 ok=0
Cmd: disassembleShader
  api=9 insize=0 outsize=0 ok=0
Cmd: disassembleShader
  api=9 insize=0 outsize=0 ok=0
Cmd: disassembleShader
  api=9 insize=0 outsize=0 ok=0
Cmd: disassembleShader
  api=9 insize=0 outsize=0 ok=0
Cmd: disassembleShader
  api=9 insize=0 outsize=0 ok=0
Cmd: disassembleShader
  api=5 insize=2097 outsize=2097 ok=1
Cmd: disassembleShader
  api=9 insize=2798 outsize=2798 ok=1
Cmd: disassembleShader
  api=9 insize=0 outsize=0 ok=0
Cmd: disassembleShader
  api=5 insize=4356 outsize=4356 ok=1
Cmd: disassembleShader
  api=5 insize=4356 outsize=4356 ok=1
Cmd: disassembleShader
  api=9 insize=6695 outsize=6695 ok=1
Cmd: disassembleShader
  api=5 insize=0 outsize=0 ok=0
Cmd: disassembleShader
  api=5 insize=0 outsize=0 ok=0
Cmd: disassembleShader
  api=5 insize=0 outsize=0 ok=0
Cmd: disassembleShader
  api=9 insize=0 outsize=0 ok=0
Cmd: disassembleShader
  api=5 insize=6453 outsize=6453 ok=1
Cmd: disassembleShader
  api=5 insize=8979 outsize=8979 ok=1
Cmd: disassembleShader
  api=5 insize=9724 outsize=9724 ok=1
Cmd: disassembleShader
  api=9 insize=7658 outsize=7658 ok=1
Cmd: disassembleShader
  api=9 insize=11998 outsize=11998 ok=1
Cmd: disassembleShader
  api=9 insize=8353 outsize=8353 ok=1
Cmd: disassembleShader
  api=5 insize=0 outsize=0 ok=0
Cmd: disassembleShader
  api=5 insize=0 outsize=0 ok=0
Cmd: disassembleShader
  api=9 insize=0 outsize=0 ok=0
Cmd: disassembleShader
  api=5 insize=6029 outsize=6029 ok=1
Cmd: disassembleShader
  api=5 insize=5446 outsize=5446 ok=1
Cmd: disassembleShader
  api=5 insize=5540 outsize=5540 ok=1
Cmd: disassembleShader
  api=5 insize=7147 outsize=7147 ok=1
Cmd: disassembleShader
  api=9 insize=5601 outsize=5601 ok=1
Cmd: disassembleShader
  api=9 insize=7322 outsize=7322 ok=1
Cmd: disassembleShader
  api=9 insize=6591 outsize=6591 ok=1
Cmd: disassembleShader
  api=5 insize=0 outsize=0 ok=0
Cmd: disassembleShader
  api=5 insize=0 outsize=0 ok=0
Cmd: disassembleShader
  api=5 insize=0 outsize=0 ok=0
Cmd: disassembleShader
  api=9 insize=0 outsize=0 ok=0
Cmd: disassembleShader
  api=9 insize=0 outsize=0 ok=0
Cmd: disassembleShader
  api=9 insize=0 outsize=0 ok=0
Cmd: disassembleShader
  api=9 insize=0 outsize=0 ok=0
Cmd: disassembleShader
  api=5 insize=2097 outsize=2097 ok=1
Cmd: disassembleShader
  api=9 insize=2798 outsize=2798 ok=1
Cmd: disassembleShader
  api=9 insize=0 outsize=0 ok=0
