Base path: '/Applications/Unity/Hub/Editor/2020.1.1f1/Unity.app/Contents', plugins path '/Applications/Unity/Hub/Editor/2020.1.1f1/Unity.app/Contents/PlaybackEngines'
Cmd: initializeCompiler
Cmd: compileSnippet
  api=9 type=0 insize=915 outsize=4474 kw= pd=UNITY_NO_DXT5nm UNITY_NO_RGBM UNITY_ENABLE_REFLECTION_BUFFERS UNITY_FRAMEBUFFER_FETCH_AVAILABLE UNITY_NO_CUBEMAP_ARRAY UNITY_NO_SCREENSPACE_SHADOWS UNITY_PBS_USE_BRDF2 SHADER_API_MOBILE UNITY_HARDWARE_TIER2 UNITY_COLORSPACE_GAMMA UNITY_LIGHTMAP_DLDR_ENCODING UNITY_PASS_META dkw=_EMISSION EDITOR_VISUALIZATION _METALLICGLOSSMAP _SMOOTHNESS_TEXTURE_ALBEDO_CHANNEL_A _DETAIL_MULX2 UNITY_ENABLE_NATIVE_SHADOW_LOOKUPS UNITY_METAL_SHADOWS_USE_POINT_FILTERING UNITY_USE_DITHER_MASK_FOR_ALPHABLENDED_SHADOWS UNITY_PBS_USE_BRDF1 UNITY_PBS_USE_BRDF3 UNITY_NO_FULL_STANDARD_SHADER UNITY_SPECCUBE_BOX_PROJECTION UNITY_SPECCUBE_BLENDING UNITY_ENABLE_DETAIL_NORMALMAP UNITY_HARDWARE_TIER1 UNITY_HARDWARE_TIER3 UNITY_LIGHT_PROBE_PROXY_VOLUME UNITY_HALF_PRECISION_FRAGMENT_SHADER_REGISTERS UNITY_LIGHTMAP_RGBM_ENCODING UNITY_LIGHTMAP_FULL_HDR UNITY_VIRTUAL_TEXTURING ok=1
Cmd: compileSnippet
  api=5 type=0 insize=915 outsize=3486 kw= pd=UNITY_NO_DXT5nm UNITY_NO_RGBM UNITY_ENABLE_REFLECTION_BUFFERS UNITY_FRAMEBUFFER_FETCH_AVAILABLE UNITY_NO_CUBEMAP_ARRAY UNITY_NO_SCREENSPACE_SHADOWS UNITY_PBS_USE_BRDF2 SHADER_API_MOBILE UNITY_HARDWARE_TIER2 UNITY_COLORSPACE_GAMMA UNITY_HALF_PRECISION_FRAGMENT_SHADER_REGISTERS UNITY_LIGHTMAP_DLDR_ENCODING UNITY_PASS_META dkw=_EMISSION EDITOR_VISUALIZATION _METALLICGLOSSMAP _SMOOTHNESS_TEXTURE_ALBEDO_CHANNEL_A _DETAIL_MULX2 UNITY_ENABLE_NATIVE_SHADOW_LOOKUPS UNITY_METAL_SHADOWS_USE_POINT_FILTERING UNITY_USE_DITHER_MASK_FOR_ALPHABLENDED_SHADOWS UNITY_PBS_USE_BRDF1 UNITY_PBS_USE_BRDF3 UNITY_NO_FULL_STANDARD_SHADER UNITY_SPECCUBE_BOX_PROJECTION UNITY_SPECCUBE_BLENDING UNITY_ENABLE_DETAIL_NORMALMAP UNITY_HARDWARE_TIER1 UNITY_HARDWARE_TIER3 UNITY_LIGHT_PROBE_PROXY_VOLUME UNITY_LIGHTMAP_RGBM_ENCODING UNITY_LIGHTMAP_FULL_HDR UNITY_VIRTUAL_TEXTURING ok=1
Cmd: disassembleShader
  api=5 insize=7623 outsize=7623 ok=1
Cmd: disassembleShader
  api=5 insize=9436 outsize=9436 ok=1
Cmd: disassembleShader
  api=9 insize=8579 outsize=8579 ok=1
Cmd: disassembleShader
  api=9 insize=11998 outsize=11998 ok=1
Cmd: disassembleShader
  api=9 insize=10461 outsize=10461 ok=1
Cmd: disassembleShader
  api=5 insize=0 outsize=0 ok=0
Cmd: disassembleShader
  api=9 insize=0 outsize=0 ok=0
Cmd: disassembleShader
  api=9 insize=0 outsize=0 ok=0
Cmd: disassembleShader
  api=5 insize=6769 outsize=6769 ok=1
Cmd: disassembleShader
  api=5 insize=5807 outsize=5807 ok=1
Cmd: disassembleShader
  api=5 insize=8393 outsize=8393 ok=1
Cmd: disassembleShader
  api=5 insize=7840 outsize=7840 ok=1
Cmd: disassembleShader
  api=5 insize=6691 outsize=6691 ok=1
Cmd: disassembleShader
  api=9 insize=7747 outsize=7747 ok=1
Cmd: disassembleShader
  api=9 insize=7918 outsize=7918 ok=1
Cmd: disassembleShader
  api=9 insize=8957 outsize=8957 ok=1
Cmd: disassembleShader
  api=9 insize=9514 outsize=9514 ok=1
Cmd: disassembleShader
  api=9 insize=8032 outsize=8032 ok=1
Cmd: disassembleShader
  api=5 insize=0 outsize=0 ok=0
Cmd: disassembleShader
  api=5 insize=0 outsize=0 ok=0
Cmd: disassembleShader
  api=5 insize=0 outsize=0 ok=0
Cmd: disassembleShader
  api=5 insize=0 outsize=0 ok=0
Cmd: disassembleShader
  api=5 insize=0 outsize=0 ok=0
Cmd: disassembleShader
  api=9 insize=0 outsize=0 ok=0
Cmd: disassembleShader
  api=9 insize=0 outsize=0 ok=0
Cmd: disassembleShader
  api=9 insize=0 outsize=0 ok=0
Cmd: disassembleShader
  api=9 insize=0 outsize=0 ok=0
Cmd: disassembleShader
  api=5 insize=2531 outsize=2531 ok=1
Cmd: disassembleShader
  api=9 insize=2798 outsize=2798 ok=1
Cmd: disassembleShader
  api=5 insize=0 outsize=0 ok=0
Cmd: disassembleShader
  api=9 insize=0 outsize=0 ok=0
Cmd: disassembleShader
  api=5 insize=4356 outsize=4356 ok=1
Cmd: disassembleShader
  api=9 insize=5108 outsize=5108 ok=1
Cmd: disassembleShader
  api=9 insize=5108 outsize=5108 ok=1
Cmd: disassembleShader
  api=5 insize=0 outsize=0 ok=0
Cmd: disassembleShader
  api=9 insize=0 outsize=0 ok=0
Cmd: disassembleShader
  api=9 insize=0 outsize=0 ok=0
Cmd: disassembleShader
  api=5 insize=9374 outsize=9374 ok=1
Cmd: disassembleShader
  api=5 insize=10888 outsize=10888 ok=1
Cmd: disassembleShader
  api=5 insize=7478 outsize=7478 ok=1
Cmd: disassembleShader
  api=9 insize=7658 outsize=7658 ok=1
Cmd: disassembleShader
  api=9 insize=9864 outsize=9864 ok=1
Cmd: disassembleShader
  api=9 insize=10510 outsize=10510 ok=1
Cmd: disassembleShader
  api=5 insize=0 outsize=0 ok=0
Cmd: disassembleShader
  api=9 insize=0 outsize=0 ok=0
Cmd: disassembleShader
  api=9 insize=0 outsize=0 ok=0
Cmd: disassembleShader
  api=5 insize=6017 outsize=6017 ok=1
Cmd: disassembleShader
  api=5 insize=6298 outsize=6298 ok=1
Cmd: disassembleShader
  api=5 insize=6990 outsize=6990 ok=1
Cmd: disassembleShader
  api=5 insize=7147 outsize=7147 ok=1
Cmd: disassembleShader
  api=9 insize=7151 outsize=7151 ok=1
Cmd: disassembleShader
  api=9 insize=6654 outsize=6654 ok=1
Cmd: disassembleShader
  api=9 insize=8496 outsize=8496 ok=1
Cmd: disassembleShader
  api=9 insize=8082 outsize=8082 ok=1
Cmd: disassembleShader
  api=5 insize=0 outsize=0 ok=0
Cmd: disassembleShader
  api=5 insize=0 outsize=0 ok=0
Cmd: disassembleShader
  api=5 insize=0 outsize=0 ok=0
Cmd: disassembleShader
  api=5 insize=0 outsize=0 ok=0
Cmd: disassembleShader
  api=9 insize=0 outsize=0 ok=0
Cmd: disassembleShader
  api=9 insize=0 outsize=0 ok=0
Cmd: disassembleShader
  api=9 insize=0 outsize=0 ok=0
Cmd: disassembleShader
  api=5 insize=2531 outsize=2531 ok=1
Cmd: disassembleShader
  api=5 insize=0 outsize=0 ok=0
Cmd: disassembleShader
  api=9 insize=0 outsize=0 ok=0
